Removed Pin From Net: NetName=NetLabel43 Pin=J?-1
Change Component Designator: OldDesignator=AC? NewDesignator=AC1
Change Component Designator: OldDesignator=C? NewDesignator=C1
Change Component Designator: OldDesignator=C? NewDesignator=C2
Change Component Designator: OldDesignator=C? NewDesignator=C3
Change Component Designator: OldDesignator=C? NewDesignator=C4
Change Component Designator: OldDesignator=C? NewDesignator=C5
Change Component Designator: OldDesignator=C? NewDesignator=C6
Change Component Designator: OldDesignator=C? NewDesignator=C7
Change Component Designator: OldDesignator=IC? NewDesignator=IC1
Change Component Designator: OldDesignator=IC? NewDesignator=IC2
Change Component Designator: OldDesignator=J? NewDesignator=J1
Change Component Designator: OldDesignator=J? NewDesignator=J2
Change Component Designator: OldDesignator=J? NewDesignator=J3
Change Component Designator: OldDesignator=J? NewDesignator=J4
Change Component Designator: OldDesignator=P? NewDesignator=P1
Change Component Designator: OldDesignator=P? NewDesignator=P2
Change Component Designator: OldDesignator=P? NewDesignator=P4
Change Component Designator: OldDesignator=P? NewDesignator=P5
Change Component Designator: OldDesignator=P? NewDesignator=P6
Change Component Designator: OldDesignator=P? NewDesignator=P7
Change Component Designator: OldDesignator=P? NewDesignator=P8
Change Component Designator: OldDesignator=Q? NewDesignator=Q1
Change Component Designator: OldDesignator=R? NewDesignator=R1
Change Component Designator: OldDesignator=R? NewDesignator=R2
Change Component Designator: OldDesignator=R? NewDesignator=R3
Change Component Designator: OldDesignator=R? NewDesignator=R4
Change Component Designator: OldDesignator=R? NewDesignator=R5
Change Component Designator: OldDesignator=R? NewDesignator=R6
Change Component Designator: OldDesignator=R? NewDesignator=R7
Change Component Designator: OldDesignator=R? NewDesignator=R8
Change Component Designator: OldDesignator=R? NewDesignator=R9
Change Component Designator: OldDesignator=R? NewDesignator=R10
Change Component Designator: OldDesignator=R? NewDesignator=R11
Change Component Designator: OldDesignator=R? NewDesignator=R12
Change Component Designator: OldDesignator=R? NewDesignator=R13
Change Component Designator: OldDesignator=R? NewDesignator=R14
Change Component Designator: OldDesignator=R? NewDesignator=R15
Added Component: Designator=P3(HDR1X2)
Add component. Clean all parameters for all variants
Add component (AddParameter): Name = "LatestRevisionDate"; Value = "17-Jul-2002"; VariantName = "[No Variations]"
Add component (AddParameter): Name = "LatestRevisionNote"; Value = "Re-released for DXP Platform."; VariantName = "[No Variations]"
Add component (AddParameter): Name = "Publisher"; Value = "Altium Limited"; VariantName = "[No Variations]"
Added Pin To Net: NetName=VBAT Pin=J4-1
Added Pin To Net: NetName=NetLabel43 Pin=P7-2
Added Pin To Net: NetName=NetLabel43 Pin=R9-2
Change Net Name : Old Net Name=NetLabel43 New Net Name=NetP7_2
Change Net Name : Old Net Name=NetP?_2 New Net Name=NetP8_2
Change Net Name : Old Net Name=NetQ?_2 New Net Name=NetQ1_2
Added Pin To Net: NetName=IO4/LED Pin=P2-12
Added Pin To Net: NetName=IO4/LED Pin=R5-2
Added Net: Name=IO4/LED
Added Pin To Net: NetName=NetJ3_1 Pin=J3-1
Added Pin To Net: NetName=NetJ3_1 Pin=P3-1
Added Net: Name=NetJ3_1
Added Pin To Net: NetName=NetP3_2 Pin=P3-2
Added Pin To Net: NetName=NetP3_2 Pin=Q1-1
Added Net: Name=NetP3_2
Added Pin To Net: NetName=NetP4_2 Pin=P4-2
Added Pin To Net: NetName=NetP4_2 Pin=R6-2
Added Net: Name=NetP4_2
Added Pin To Net: NetName=NetP5_2 Pin=P5-2
Added Pin To Net: NetName=NetP5_2 Pin=R7-2
Added Net: Name=NetP5_2
Added Pin To Net: NetName=NetP6_2 Pin=P6-2
Added Pin To Net: NetName=NetP6_2 Pin=R8-2
Added Net: Name=NetP6_2
Added Member To Class: ClassName=Sheet4 Member=Component C1 Cap Semi
Added Member To Class: ClassName=Sheet4 Member=Component C3 Cap Pol3
Added Member To Class: ClassName=Sheet4 Member=Component C4 Cap Pol3
Added Member To Class: ClassName=Sheet4 Member=Component C5 Cap Pol3
Added Member To Class: ClassName=Sheet4 Member=Component C6 Cap Pol3
Added Member To Class: ClassName=Sheet4 Member=Component C7 Cap Pol3
Added Member To Class: ClassName=Sheet4 Member=Component IC1 TLV2774AIPW
Added Member To Class: ClassName=Sheet4 Member=Component J1 Socket
Added Member To Class: ClassName=Sheet4 Member=Component J2 Socket
Added Member To Class: ClassName=Sheet4 Member=Component J3 Socket
Added Member To Class: ClassName=Sheet4 Member=Component P2 MHDR1X16
Added Member To Class: ClassName=Sheet4 Member=Component P3 Header 2
Added Member To Class: ClassName=Sheet4 Member=Component P4 Header 2
Added Member To Class: ClassName=Sheet4 Member=Component P5 Header 2
Added Member To Class: ClassName=Sheet4 Member=Component P6 Header 2
Added Member To Class: ClassName=Sheet4 Member=Component P7 Header 2
Added Member To Class: ClassName=Sheet4 Member=Component P8 Header 2
Added Member To Class: ClassName=Sheet4 Member=Component R1 Res3
Added Member To Class: ClassName=Sheet4 Member=Component R2 Res3
Added Member To Class: ClassName=Sheet4 Member=Component R3 Res3
Added Member To Class: ClassName=Sheet4 Member=Component R4 Res3
Added Member To Class: ClassName=Sheet4 Member=Component R6 Res3
Added Member To Class: ClassName=Sheet4 Member=Component R7 Res3
Added Member To Class: ClassName=Sheet4 Member=Component R8 Res3
Added Member To Class: ClassName=Sheet4 Member=Component R9 Res3
Added Member To Class: ClassName=Sheet4 Member=Component R10 Res3
Added Member To Class: ClassName=Sheet4 Member=Component R11 Res3
Added Member To Class: ClassName=Sheet4 Member=Component R12 Res3
Added Member To Class: ClassName=Sheet4 Member=Component R13 Res3
Added Member To Class: ClassName=Sheet4 Member=Component R14 Res3
Added Member To Class: ClassName=Sheet4 Member=Component R15 Res3
Added Room: Name=Sheet4
